[2020-03-05T06:26:51.337395+00:00] google-ads.WARNING: Request made: Host: "googleads.googleapis.com", Method: "/google.ads.googleads.v3.services.GoogleAdsService/SearchStream", ClientCustomerId: 7815582525, RequestId: "", IsFault: 1, FaultMessage: "["Authentication of the request failed."]"  
[2020-03-05T06:26:51.338480+00:00] google-ads.NOTICE: Request
-------
Method Name: /google.ads.googleads.v3.services.GoogleAdsService/SearchStream
Host: googleads.googleapis.com
Headers: {
    "x-goog-api-client": "gl-php\/7.3.14 gapic\/ gax\/1.3.0 grpc\/1.27.0",
    "x-goog-request-params": "customer_id=7815582525",
    "developer-token": "REDACTED"
}
Request: {"customerId":"7815582525","query":"SELECT campaign.id, campaign.name FROM campaign ORDER BY campaign.id"}

Response
-------
Headers: {
    "date": "Thu, 05 Mar 2020 06:26:51 GMT",
    "alt-svc": "quic=\":443\"; ma=2592000; v=\"46,43\",h3-Q050=\":443\"; ma=2592000,h3-Q049=\":443\"; ma=2592000,h3-Q048=\":443\"; ma=2592000,h3-Q046=\":443\"; ma=2592000,h3-Q043=\":443\"; ma=2592000"
}

Fault
-------
Status code: 16
Details: Request is missing required authentication credential. Expected OAuth 2 access token, login cookie or other valid authentication credential. See https://developers.google.com/identity/sign-in/web/devconsole-project.
Failure: {"errors":[{"errorCode":{"authenticationError":"AUTHENTICATION_ERROR"},"message":"Authentication of the request failed."}]}  
[2020-03-05T06:29:12.439532+00:00] google-ads.WARNING: Request made: Host: "googleads.googleapis.com", Method: "/google.ads.googleads.v3.services.GoogleAdsService/SearchStream", ClientCustomerId: 7815582525, RequestId: "", IsFault: 1, FaultMessage: "["Authentication of the request failed."]"  
[2020-03-05T06:29:12.440402+00:00] google-ads.NOTICE: Request
-------
Method Name: /google.ads.googleads.v3.services.GoogleAdsService/SearchStream
Host: googleads.googleapis.com
Headers: {
    "x-goog-api-client": "gl-php\/7.3.14 gapic\/ gax\/1.3.0 grpc\/1.27.0",
    "x-goog-request-params": "customer_id=7815582525",
    "developer-token": "REDACTED",
    "login-customer-id": "7815582525"
}
Request: {"customerId":"7815582525","query":"SELECT campaign.id, campaign.name FROM campaign ORDER BY campaign.id"}

Response
-------
Headers: {
    "date": "Thu, 05 Mar 2020 06:29:12 GMT",
    "alt-svc": "quic=\":443\"; ma=2592000; v=\"46,43\",h3-Q050=\":443\"; ma=2592000,h3-Q049=\":443\"; ma=2592000,h3-Q048=\":443\"; ma=2592000,h3-Q046=\":443\"; ma=2592000,h3-Q043=\":443\"; ma=2592000"
}

Fault
-------
Status code: 16
Details: Request is missing required authentication credential. Expected OAuth 2 access token, login cookie or other valid authentication credential. See https://developers.google.com/identity/sign-in/web/devconsole-project.
Failure: {"errors":[{"errorCode":{"authenticationError":"AUTHENTICATION_ERROR"},"message":"Authentication of the request failed."}]}  
